set 22, 2020 6:19:47 PM org.apache.catalina.startup.VersionLoggerListener log
INFORMAÇÕES: Server version name:   Apache Tomcat/7.0.105
set 22, 2020 6:19:47 PM org.apache.catalina.startup.VersionLoggerListener log
INFORMAÇÕES: Server built:          Jul 2 2020 12:25:26 UTC
set 22, 2020 6:19:47 PM org.apache.catalina.startup.VersionLoggerListener log
INFORMAÇÕES: Server version number: 7.0.105.0
set 22, 2020 6:19:47 PM org.apache.catalina.startup.VersionLoggerListener log
INFORMAÇÕES: OS Name:               Windows 10
set 22, 2020 6:19:47 PM org.apache.catalina.startup.VersionLoggerListener log
INFORMAÇÕES: OS Version:            10.0
set 22, 2020 6:19:47 PM org.apache.catalina.startup.VersionLoggerListener log
INFORMAÇÕES: Architecture:          amd64
set 22, 2020 6:19:47 PM org.apache.catalina.startup.VersionLoggerListener log
INFORMAÇÕES: Java Home:             C:\Program Files\Java\jdk1.8.0_261\jre
set 22, 2020 6:19:47 PM org.apache.catalina.startup.VersionLoggerListener log
INFORMAÇÕES: JVM Version:           1.8.0_261-b12
set 22, 2020 6:19:47 PM org.apache.catalina.startup.VersionLoggerListener log
INFORMAÇÕES: JVM Vendor:            Oracle Corporation
set 22, 2020 6:19:47 PM org.apache.catalina.startup.VersionLoggerListener log
INFORMAÇÕES: CATALINA_BASE:         C:\Users\edu_p\OneDrive\Área de Trabalho\facu\apache-tomcat-7.0.105-windows-x64\apache-tomcat-7.0.105
set 22, 2020 6:19:47 PM org.apache.catalina.startup.VersionLoggerListener log
INFORMAÇÕES: CATALINA_HOME:         C:\Users\edu_p\OneDrive\Área de Trabalho\facu\apache-tomcat-7.0.105-windows-x64\apache-tomcat-7.0.105
set 22, 2020 6:19:47 PM org.apache.catalina.startup.VersionLoggerListener log
INFORMAÇÕES: Command line argument: -Djava.util.logging.config.file=C:\Users\edu_p\OneDrive\Área de Trabalho\facu\apache-tomcat-7.0.105-windows-x64\apache-tomcat-7.0.105\conf\logging.properties
set 22, 2020 6:19:47 PM org.apache.catalina.startup.VersionLoggerListener log
INFORMAÇÕES: Command line argument: -Djava.util.logging.manager=org.apache.juli.ClassLoaderLogManager
set 22, 2020 6:19:47 PM org.apache.catalina.startup.VersionLoggerListener log
INFORMAÇÕES: Command line argument: -Djdk.tls.ephemeralDHKeySize=2048
set 22, 2020 6:19:47 PM org.apache.catalina.startup.VersionLoggerListener log
INFORMAÇÕES: Command line argument: -Dignore.endorsed.dirs=
set 22, 2020 6:19:47 PM org.apache.catalina.startup.VersionLoggerListener log
INFORMAÇÕES: Command line argument: -Dcatalina.base=C:\Users\edu_p\OneDrive\Área de Trabalho\facu\apache-tomcat-7.0.105-windows-x64\apache-tomcat-7.0.105
set 22, 2020 6:19:47 PM org.apache.catalina.startup.VersionLoggerListener log
INFORMAÇÕES: Command line argument: -Dcatalina.home=C:\Users\edu_p\OneDrive\Área de Trabalho\facu\apache-tomcat-7.0.105-windows-x64\apache-tomcat-7.0.105
set 22, 2020 6:19:47 PM org.apache.catalina.startup.VersionLoggerListener log
INFORMAÇÕES: Command line argument: -Djava.io.tmpdir=C:\Users\edu_p\OneDrive\Área de Trabalho\facu\apache-tomcat-7.0.105-windows-x64\apache-tomcat-7.0.105\temp
set 22, 2020 6:19:47 PM org.apache.catalina.core.AprLifecycleListener lifecycleEvent
INFORMAÇÕES: Loaded Apache Tomcat Native library [1.2.24] using APR version [1.7.0].
set 22, 2020 6:19:47 PM org.apache.catalina.core.AprLifecycleListener lifecycleEvent
INFORMAÇÕES: APR capabilities: IPv6 [true], sendfile [true], accept filters [false], random [true].
set 22, 2020 6:19:48 PM org.apache.catalina.core.AprLifecycleListener initializeSSL
INFORMAÇÕES: OpenSSL successfully initialized [OpenSSL 1.1.1g  21 Apr 2020]
set 22, 2020 6:19:49 PM org.apache.coyote.AbstractProtocol init
INFORMAÇÕES: Initializing ProtocolHandler ["http-apr-8080"]
set 22, 2020 6:19:49 PM org.apache.catalina.startup.Catalina load
INFORMAÇÕES: Initialization processed in 3107 ms
set 22, 2020 6:19:49 PM org.apache.catalina.core.StandardService startInternal
INFORMAÇÕES: Starting service [Catalina]
set 22, 2020 6:19:49 PM org.apache.catalina.core.StandardEngine startInternal
INFORMAÇÕES: Starting Servlet Engine: Apache Tomcat/7.0.105
set 22, 2020 6:19:49 PM org.apache.catalina.startup.HostConfig deployDescriptor
INFORMAÇÕES: Deploying deployment descriptor [C:\Users\edu_p\OneDrive\Área de Trabalho\facu\apache-tomcat-7.0.105-windows-x64\apache-tomcat-7.0.105\conf\Catalina\localhost\Projeto.xml]
set 22, 2020 6:19:52 PM org.apache.catalina.startup.TldConfig execute
INFORMAÇÕES: At least one JAR was scanned for TLDs yet contained no TLDs. Enable debug logging for this logger for a complete list of JARs that were scanned but no TLDs were found in them. Skipping unneeded JARs during scanning can improve startup time and JSP compilation time.
set 22, 2020 6:19:53 PM org.apache.catalina.util.SessionIdGeneratorBase createSecureRandom
ADVERTÊNCIA: Creation of SecureRandom instance for session ID generation using [SHA1PRNG] took [626] milliseconds.
set 22, 2020 6:19:53 PM org.apache.catalina.startup.HostConfig deployDescriptor
INFORMAÇÕES: Deployment of deployment descriptor [C:\Users\edu_p\OneDrive\Área de Trabalho\facu\apache-tomcat-7.0.105-windows-x64\apache-tomcat-7.0.105\conf\Catalina\localhost\Projeto.xml] has finished in [3,707] ms
set 22, 2020 6:19:53 PM org.apache.catalina.startup.HostConfig deployDirectory
INFORMAÇÕES: Deploying web application directory [C:\Users\edu_p\OneDrive\Área de Trabalho\facu\apache-tomcat-7.0.105-windows-x64\apache-tomcat-7.0.105\webapps\docs]
set 22, 2020 6:19:54 PM org.apache.catalina.startup.TldConfig execute
INFORMAÇÕES: At least one JAR was scanned for TLDs yet contained no TLDs. Enable debug logging for this logger for a complete list of JARs that were scanned but no TLDs were found in them. Skipping unneeded JARs during scanning can improve startup time and JSP compilation time.
set 22, 2020 6:19:54 PM org.apache.catalina.startup.HostConfig deployDirectory
INFORMAÇÕES: Deployment of web application directory [C:\Users\edu_p\OneDrive\Área de Trabalho\facu\apache-tomcat-7.0.105-windows-x64\apache-tomcat-7.0.105\webapps\docs] has finished in [761] ms
set 22, 2020 6:19:54 PM org.apache.catalina.startup.HostConfig deployDirectory
INFORMAÇÕES: Deploying web application directory [C:\Users\edu_p\OneDrive\Área de Trabalho\facu\apache-tomcat-7.0.105-windows-x64\apache-tomcat-7.0.105\webapps\examples]
set 22, 2020 6:19:57 PM org.apache.catalina.startup.TldConfig execute
INFORMAÇÕES: At least one JAR was scanned for TLDs yet contained no TLDs. Enable debug logging for this logger for a complete list of JARs that were scanned but no TLDs were found in them. Skipping unneeded JARs during scanning can improve startup time and JSP compilation time.
set 22, 2020 6:19:57 PM org.apache.catalina.startup.HostConfig deployDirectory
INFORMAÇÕES: Deployment of web application directory [C:\Users\edu_p\OneDrive\Área de Trabalho\facu\apache-tomcat-7.0.105-windows-x64\apache-tomcat-7.0.105\webapps\examples] has finished in [3,302] ms
set 22, 2020 6:19:57 PM org.apache.catalina.startup.HostConfig deployDirectory
INFORMAÇÕES: Deploying web application directory [C:\Users\edu_p\OneDrive\Área de Trabalho\facu\apache-tomcat-7.0.105-windows-x64\apache-tomcat-7.0.105\webapps\host-manager]
set 22, 2020 6:19:58 PM org.apache.catalina.startup.TldConfig execute
INFORMAÇÕES: At least one JAR was scanned for TLDs yet contained no TLDs. Enable debug logging for this logger for a complete list of JARs that were scanned but no TLDs were found in them. Skipping unneeded JARs during scanning can improve startup time and JSP compilation time.
set 22, 2020 6:19:58 PM org.apache.catalina.startup.HostConfig deployDirectory
INFORMAÇÕES: Deployment of web application directory [C:\Users\edu_p\OneDrive\Área de Trabalho\facu\apache-tomcat-7.0.105-windows-x64\apache-tomcat-7.0.105\webapps\host-manager] has finished in [761] ms
set 22, 2020 6:19:58 PM org.apache.catalina.startup.HostConfig deployDirectory
INFORMAÇÕES: Deploying web application directory [C:\Users\edu_p\OneDrive\Área de Trabalho\facu\apache-tomcat-7.0.105-windows-x64\apache-tomcat-7.0.105\webapps\manager]
set 22, 2020 6:19:58 PM org.apache.catalina.startup.TldConfig execute
INFORMAÇÕES: At least one JAR was scanned for TLDs yet contained no TLDs. Enable debug logging for this logger for a complete list of JARs that were scanned but no TLDs were found in them. Skipping unneeded JARs during scanning can improve startup time and JSP compilation time.
set 22, 2020 6:19:58 PM org.apache.catalina.startup.HostConfig deployDirectory
INFORMAÇÕES: Deployment of web application directory [C:\Users\edu_p\OneDrive\Área de Trabalho\facu\apache-tomcat-7.0.105-windows-x64\apache-tomcat-7.0.105\webapps\manager] has finished in [539] ms
set 22, 2020 6:19:58 PM org.apache.catalina.startup.HostConfig deployDirectory
INFORMAÇÕES: Deploying web application directory [C:\Users\edu_p\OneDrive\Área de Trabalho\facu\apache-tomcat-7.0.105-windows-x64\apache-tomcat-7.0.105\webapps\ROOT]
set 22, 2020 6:19:59 PM org.apache.catalina.startup.TldConfig execute
INFORMAÇÕES: At least one JAR was scanned for TLDs yet contained no TLDs. Enable debug logging for this logger for a complete list of JARs that were scanned but no TLDs were found in them. Skipping unneeded JARs during scanning can improve startup time and JSP compilation time.
set 22, 2020 6:19:59 PM org.apache.catalina.startup.HostConfig deployDirectory
INFORMAÇÕES: Deployment of web application directory [C:\Users\edu_p\OneDrive\Área de Trabalho\facu\apache-tomcat-7.0.105-windows-x64\apache-tomcat-7.0.105\webapps\ROOT] has finished in [663] ms
set 22, 2020 6:19:59 PM org.apache.coyote.AbstractProtocol start
INFORMAÇÕES: Starting ProtocolHandler ["http-apr-8080"]
set 22, 2020 6:19:59 PM org.apache.catalina.startup.Catalina start
INFORMAÇÕES: Server startup in 10086 ms
set 22, 2020 6:56:39 PM org.apache.catalina.startup.HostConfig undeploy
INFORMAÇÕES: Undeploying context [/Projeto]
