set 21, 2020 6:14:49 PM org.apache.catalina.core.StandardContext reload
INFORMAÇÕES: Reloading Context with name [/Projeto] has started
set 21, 2020 6:14:58 PM org.apache.catalina.startup.TldConfig execute
INFORMAÇÕES: At least one JAR was scanned for TLDs yet contained no TLDs. Enable debug logging for this logger for a complete list of JARs that were scanned but no TLDs were found in them. Skipping unneeded JARs during scanning can improve startup time and JSP compilation time.
set 21, 2020 6:14:58 PM org.apache.catalina.core.StandardContext reload
INFORMAÇÕES: Reloading Context with name [/Projeto] is completed
set 21, 2020 6:14:59 PM org.apache.catalina.core.StandardContext reload
INFORMAÇÕES: Reloading Context with name [/Projeto] has started
set 21, 2020 6:14:59 PM org.apache.catalina.core.StandardWrapper unload
INFORMAÇÕES: Waiting for [1] instance(s) to be deallocated for Servlet [jsp]
set 21, 2020 6:14:59 PM org.apache.catalina.loader.WebappClassLoaderBase clearReferencesThreads
GRAVE: The web application [/Projeto] appears to have started a thread named [http-apr-8080-exec-9] but has failed to stop it. This is very likely to create a memory leak.
set 21, 2020 6:15:08 PM org.apache.catalina.startup.TldConfig execute
INFORMAÇÕES: At least one JAR was scanned for TLDs yet contained no TLDs. Enable debug logging for this logger for a complete list of JARs that were scanned but no TLDs were found in them. Skipping unneeded JARs during scanning can improve startup time and JSP compilation time.
set 21, 2020 6:15:08 PM org.apache.catalina.core.StandardContext reload
INFORMAÇÕES: Reloading Context with name [/Projeto] is completed
set 21, 2020 6:16:10 PM org.apache.catalina.core.StandardServer await
INFORMAÇÕES: A valid shutdown command was received via the shutdown port. Stopping the Server instance.
set 21, 2020 6:16:10 PM org.apache.coyote.AbstractProtocol pause
INFORMAÇÕES: Pausing ProtocolHandler ["http-apr-8080"]
set 21, 2020 6:16:10 PM org.apache.catalina.core.StandardService stopInternal
INFORMAÇÕES: Stopping service [Catalina]
set 21, 2020 6:16:11 PM org.apache.coyote.AbstractProtocol stop
INFORMAÇÕES: Stopping ProtocolHandler ["http-apr-8080"]
set 21, 2020 6:16:11 PM org.apache.coyote.AbstractProtocol destroy
INFORMAÇÕES: Destroying ProtocolHandler ["http-apr-8080"]
set 21, 2020 6:41:58 PM org.apache.catalina.startup.VersionLoggerListener log
INFORMAÇÕES: Server version name:   Apache Tomcat/7.0.105
set 21, 2020 6:41:58 PM org.apache.catalina.startup.VersionLoggerListener log
INFORMAÇÕES: Server built:          Jul 2 2020 12:25:26 UTC
set 21, 2020 6:41:58 PM org.apache.catalina.startup.VersionLoggerListener log
INFORMAÇÕES: Server version number: 7.0.105.0
set 21, 2020 6:41:58 PM org.apache.catalina.startup.VersionLoggerListener log
INFORMAÇÕES: OS Name:               Windows 10
set 21, 2020 6:41:58 PM org.apache.catalina.startup.VersionLoggerListener log
INFORMAÇÕES: OS Version:            10.0
set 21, 2020 6:41:58 PM org.apache.catalina.startup.VersionLoggerListener log
INFORMAÇÕES: Architecture:          amd64
set 21, 2020 6:41:58 PM org.apache.catalina.startup.VersionLoggerListener log
INFORMAÇÕES: Java Home:             C:\Program Files\Java\jdk1.8.0_261\jre
set 21, 2020 6:41:58 PM org.apache.catalina.startup.VersionLoggerListener log
INFORMAÇÕES: JVM Version:           1.8.0_261-b12
set 21, 2020 6:41:58 PM org.apache.catalina.startup.VersionLoggerListener log
INFORMAÇÕES: JVM Vendor:            Oracle Corporation
set 21, 2020 6:41:58 PM org.apache.catalina.startup.VersionLoggerListener log
INFORMAÇÕES: CATALINA_BASE:         C:\Users\edu_p\OneDrive\Área de Trabalho\facu\apache-tomcat-7.0.105-windows-x64\apache-tomcat-7.0.105
set 21, 2020 6:41:58 PM org.apache.catalina.startup.VersionLoggerListener log
INFORMAÇÕES: CATALINA_HOME:         C:\Users\edu_p\OneDrive\Área de Trabalho\facu\apache-tomcat-7.0.105-windows-x64\apache-tomcat-7.0.105
set 21, 2020 6:41:58 PM org.apache.catalina.startup.VersionLoggerListener log
INFORMAÇÕES: Command line argument: -Djava.util.logging.config.file=C:\Users\edu_p\OneDrive\Área de Trabalho\facu\apache-tomcat-7.0.105-windows-x64\apache-tomcat-7.0.105\conf\logging.properties
set 21, 2020 6:41:58 PM org.apache.catalina.startup.VersionLoggerListener log
INFORMAÇÕES: Command line argument: -Djava.util.logging.manager=org.apache.juli.ClassLoaderLogManager
set 21, 2020 6:41:58 PM org.apache.catalina.startup.VersionLoggerListener log
INFORMAÇÕES: Command line argument: -Djdk.tls.ephemeralDHKeySize=2048
set 21, 2020 6:41:58 PM org.apache.catalina.startup.VersionLoggerListener log
INFORMAÇÕES: Command line argument: -Dignore.endorsed.dirs=
set 21, 2020 6:41:58 PM org.apache.catalina.startup.VersionLoggerListener log
INFORMAÇÕES: Command line argument: -Dcatalina.base=C:\Users\edu_p\OneDrive\Área de Trabalho\facu\apache-tomcat-7.0.105-windows-x64\apache-tomcat-7.0.105
set 21, 2020 6:41:58 PM org.apache.catalina.startup.VersionLoggerListener log
INFORMAÇÕES: Command line argument: -Dcatalina.home=C:\Users\edu_p\OneDrive\Área de Trabalho\facu\apache-tomcat-7.0.105-windows-x64\apache-tomcat-7.0.105
set 21, 2020 6:41:58 PM org.apache.catalina.startup.VersionLoggerListener log
INFORMAÇÕES: Command line argument: -Djava.io.tmpdir=C:\Users\edu_p\OneDrive\Área de Trabalho\facu\apache-tomcat-7.0.105-windows-x64\apache-tomcat-7.0.105\temp
set 21, 2020 6:41:58 PM org.apache.catalina.core.AprLifecycleListener lifecycleEvent
INFORMAÇÕES: Loaded Apache Tomcat Native library [1.2.24] using APR version [1.7.0].
set 21, 2020 6:41:58 PM org.apache.catalina.core.AprLifecycleListener lifecycleEvent
INFORMAÇÕES: APR capabilities: IPv6 [true], sendfile [true], accept filters [false], random [true].
set 21, 2020 6:41:58 PM org.apache.catalina.core.AprLifecycleListener initializeSSL
INFORMAÇÕES: OpenSSL successfully initialized [OpenSSL 1.1.1g  21 Apr 2020]
set 21, 2020 6:41:59 PM org.apache.coyote.AbstractProtocol init
INFORMAÇÕES: Initializing ProtocolHandler ["http-apr-8080"]
set 21, 2020 6:41:59 PM org.apache.catalina.startup.Catalina load
INFORMAÇÕES: Initialization processed in 2753 ms
set 21, 2020 6:41:59 PM org.apache.catalina.core.StandardService startInternal
INFORMAÇÕES: Starting service [Catalina]
set 21, 2020 6:41:59 PM org.apache.catalina.core.StandardEngine startInternal
INFORMAÇÕES: Starting Servlet Engine: Apache Tomcat/7.0.105
set 21, 2020 6:41:59 PM org.apache.catalina.startup.HostConfig deployDescriptor
INFORMAÇÕES: Deploying deployment descriptor [C:\Users\edu_p\OneDrive\Área de Trabalho\facu\apache-tomcat-7.0.105-windows-x64\apache-tomcat-7.0.105\conf\Catalina\localhost\Projeto.xml]
set 21, 2020 6:42:01 PM org.apache.catalina.startup.TldConfig execute
INFORMAÇÕES: At least one JAR was scanned for TLDs yet contained no TLDs. Enable debug logging for this logger for a complete list of JARs that were scanned but no TLDs were found in them. Skipping unneeded JARs during scanning can improve startup time and JSP compilation time.
set 21, 2020 6:42:02 PM org.apache.catalina.util.SessionIdGeneratorBase createSecureRandom
ADVERTÊNCIA: Creation of SecureRandom instance for session ID generation using [SHA1PRNG] took [484] milliseconds.
set 21, 2020 6:42:02 PM org.apache.catalina.startup.HostConfig deployDescriptor
INFORMAÇÕES: Deployment of deployment descriptor [C:\Users\edu_p\OneDrive\Área de Trabalho\facu\apache-tomcat-7.0.105-windows-x64\apache-tomcat-7.0.105\conf\Catalina\localhost\Projeto.xml] has finished in [2,556] ms
set 21, 2020 6:42:02 PM org.apache.catalina.startup.HostConfig deployDirectory
INFORMAÇÕES: Deploying web application directory [C:\Users\edu_p\OneDrive\Área de Trabalho\facu\apache-tomcat-7.0.105-windows-x64\apache-tomcat-7.0.105\webapps\docs]
set 21, 2020 6:42:03 PM org.apache.catalina.startup.TldConfig execute
INFORMAÇÕES: At least one JAR was scanned for TLDs yet contained no TLDs. Enable debug logging for this logger for a complete list of JARs that were scanned but no TLDs were found in them. Skipping unneeded JARs during scanning can improve startup time and JSP compilation time.
set 21, 2020 6:42:03 PM org.apache.catalina.startup.HostConfig deployDirectory
INFORMAÇÕES: Deployment of web application directory [C:\Users\edu_p\OneDrive\Área de Trabalho\facu\apache-tomcat-7.0.105-windows-x64\apache-tomcat-7.0.105\webapps\docs] has finished in [819] ms
set 21, 2020 6:42:03 PM org.apache.catalina.startup.HostConfig deployDirectory
INFORMAÇÕES: Deploying web application directory [C:\Users\edu_p\OneDrive\Área de Trabalho\facu\apache-tomcat-7.0.105-windows-x64\apache-tomcat-7.0.105\webapps\examples]
set 21, 2020 6:42:06 PM org.apache.catalina.startup.TldConfig execute
INFORMAÇÕES: At least one JAR was scanned for TLDs yet contained no TLDs. Enable debug logging for this logger for a complete list of JARs that were scanned but no TLDs were found in them. Skipping unneeded JARs during scanning can improve startup time and JSP compilation time.
set 21, 2020 6:42:07 PM org.apache.catalina.startup.HostConfig deployDirectory
INFORMAÇÕES: Deployment of web application directory [C:\Users\edu_p\OneDrive\Área de Trabalho\facu\apache-tomcat-7.0.105-windows-x64\apache-tomcat-7.0.105\webapps\examples] has finished in [4,104] ms
set 21, 2020 6:42:07 PM org.apache.catalina.startup.HostConfig deployDirectory
INFORMAÇÕES: Deploying web application directory [C:\Users\edu_p\OneDrive\Área de Trabalho\facu\apache-tomcat-7.0.105-windows-x64\apache-tomcat-7.0.105\webapps\host-manager]
set 21, 2020 6:42:08 PM org.apache.catalina.startup.TldConfig execute
INFORMAÇÕES: At least one JAR was scanned for TLDs yet contained no TLDs. Enable debug logging for this logger for a complete list of JARs that were scanned but no TLDs were found in them. Skipping unneeded JARs during scanning can improve startup time and JSP compilation time.
set 21, 2020 6:42:08 PM org.apache.catalina.startup.HostConfig deployDirectory
INFORMAÇÕES: Deployment of web application directory [C:\Users\edu_p\OneDrive\Área de Trabalho\facu\apache-tomcat-7.0.105-windows-x64\apache-tomcat-7.0.105\webapps\host-manager] has finished in [932] ms
set 21, 2020 6:42:08 PM org.apache.catalina.startup.HostConfig deployDirectory
INFORMAÇÕES: Deploying web application directory [C:\Users\edu_p\OneDrive\Área de Trabalho\facu\apache-tomcat-7.0.105-windows-x64\apache-tomcat-7.0.105\webapps\manager]
set 21, 2020 6:42:08 PM org.apache.catalina.startup.TldConfig execute
INFORMAÇÕES: At least one JAR was scanned for TLDs yet contained no TLDs. Enable debug logging for this logger for a complete list of JARs that were scanned but no TLDs were found in them. Skipping unneeded JARs during scanning can improve startup time and JSP compilation time.
set 21, 2020 6:42:08 PM org.apache.catalina.startup.HostConfig deployDirectory
INFORMAÇÕES: Deployment of web application directory [C:\Users\edu_p\OneDrive\Área de Trabalho\facu\apache-tomcat-7.0.105-windows-x64\apache-tomcat-7.0.105\webapps\manager] has finished in [726] ms
set 21, 2020 6:42:08 PM org.apache.catalina.startup.HostConfig deployDirectory
INFORMAÇÕES: Deploying web application directory [C:\Users\edu_p\OneDrive\Área de Trabalho\facu\apache-tomcat-7.0.105-windows-x64\apache-tomcat-7.0.105\webapps\ROOT]
set 21, 2020 6:42:09 PM org.apache.catalina.startup.TldConfig execute
INFORMAÇÕES: At least one JAR was scanned for TLDs yet contained no TLDs. Enable debug logging for this logger for a complete list of JARs that were scanned but no TLDs were found in them. Skipping unneeded JARs during scanning can improve startup time and JSP compilation time.
set 21, 2020 6:42:09 PM org.apache.catalina.startup.HostConfig deployDirectory
INFORMAÇÕES: Deployment of web application directory [C:\Users\edu_p\OneDrive\Área de Trabalho\facu\apache-tomcat-7.0.105-windows-x64\apache-tomcat-7.0.105\webapps\ROOT] has finished in [586] ms
set 21, 2020 6:42:09 PM org.apache.coyote.AbstractProtocol start
INFORMAÇÕES: Starting ProtocolHandler ["http-apr-8080"]
set 21, 2020 6:42:09 PM org.apache.catalina.startup.Catalina start
INFORMAÇÕES: Server startup in 10001 ms
set 21, 2020 9:39:52 PM org.apache.catalina.core.StandardContext reload
INFORMAÇÕES: Reloading Context with name [/Projeto] has started
set 21, 2020 9:39:57 PM org.apache.catalina.startup.TldConfig execute
INFORMAÇÕES: At least one JAR was scanned for TLDs yet contained no TLDs. Enable debug logging for this logger for a complete list of JARs that were scanned but no TLDs were found in them. Skipping unneeded JARs during scanning can improve startup time and JSP compilation time.
set 21, 2020 9:39:57 PM org.apache.catalina.core.StandardContext reload
INFORMAÇÕES: Reloading Context with name [/Projeto] is completed
set 21, 2020 9:40:07 PM org.apache.catalina.core.StandardContext reload
INFORMAÇÕES: Reloading Context with name [/Projeto] has started
set 21, 2020 9:40:09 PM org.apache.catalina.startup.TldConfig execute
INFORMAÇÕES: At least one JAR was scanned for TLDs yet contained no TLDs. Enable debug logging for this logger for a complete list of JARs that were scanned but no TLDs were found in them. Skipping unneeded JARs during scanning can improve startup time and JSP compilation time.
set 21, 2020 9:40:09 PM org.apache.catalina.core.StandardContext reload
INFORMAÇÕES: Reloading Context with name [/Projeto] is completed
set 21, 2020 9:43:30 PM org.apache.catalina.core.StandardContext reload
INFORMAÇÕES: Reloading Context with name [/Projeto] has started
set 21, 2020 9:43:32 PM org.apache.catalina.startup.TldConfig execute
INFORMAÇÕES: At least one JAR was scanned for TLDs yet contained no TLDs. Enable debug logging for this logger for a complete list of JARs that were scanned but no TLDs were found in them. Skipping unneeded JARs during scanning can improve startup time and JSP compilation time.
set 21, 2020 9:43:32 PM org.apache.catalina.core.StandardContext reload
INFORMAÇÕES: Reloading Context with name [/Projeto] is completed
set 21, 2020 9:44:36 PM org.apache.catalina.core.StandardContext reload
INFORMAÇÕES: Reloading Context with name [/Projeto] has started
set 21, 2020 9:44:37 PM org.apache.catalina.startup.TldConfig execute
INFORMAÇÕES: At least one JAR was scanned for TLDs yet contained no TLDs. Enable debug logging for this logger for a complete list of JARs that were scanned but no TLDs were found in them. Skipping unneeded JARs during scanning can improve startup time and JSP compilation time.
set 21, 2020 9:44:37 PM org.apache.catalina.core.StandardContext reload
INFORMAÇÕES: Reloading Context with name [/Projeto] is completed
set 21, 2020 9:52:43 PM org.apache.catalina.core.StandardContext reload
INFORMAÇÕES: Reloading Context with name [/Projeto] has started
set 21, 2020 9:52:45 PM org.apache.catalina.startup.TldConfig execute
INFORMAÇÕES: At least one JAR was scanned for TLDs yet contained no TLDs. Enable debug logging for this logger for a complete list of JARs that were scanned but no TLDs were found in them. Skipping unneeded JARs during scanning can improve startup time and JSP compilation time.
set 21, 2020 9:52:45 PM org.apache.catalina.core.StandardContext reload
INFORMAÇÕES: Reloading Context with name [/Projeto] is completed
