set 22, 2020 6:20:01 PM org.apache.catalina.core.ApplicationContext log
INFORMAÇÕES: Manager: init: Associated with Deployer 'Catalina:type=Deployer,host=localhost'
set 22, 2020 6:20:01 PM org.apache.catalina.core.ApplicationContext log
INFORMAÇÕES: Manager: init: Global resources are available
set 22, 2020 6:20:01 PM org.apache.catalina.core.ApplicationContext log
INFORMAÇÕES: Manager: list: Listing contexts for virtual host 'localhost'
set 22, 2020 6:20:01 PM org.apache.catalina.core.ApplicationContext log
INFORMAÇÕES: Manager: list: Listing contexts for virtual host 'localhost'
set 22, 2020 6:30:22 PM org.apache.catalina.core.ApplicationContext log
INFORMAÇÕES: Manager: list: Listing contexts for virtual host 'localhost'
set 22, 2020 6:30:22 PM org.apache.catalina.core.ApplicationContext log
INFORMAÇÕES: Manager: list: Listing contexts for virtual host 'localhost'
set 22, 2020 6:34:46 PM org.apache.catalina.core.ApplicationContext log
INFORMAÇÕES: Manager: list: Listing contexts for virtual host 'localhost'
set 22, 2020 6:34:46 PM org.apache.catalina.core.ApplicationContext log
INFORMAÇÕES: Manager: list: Listing contexts for virtual host 'localhost'
set 22, 2020 6:40:26 PM org.apache.catalina.core.ApplicationContext log
INFORMAÇÕES: Manager: list: Listing contexts for virtual host 'localhost'
set 22, 2020 6:40:26 PM org.apache.catalina.core.ApplicationContext log
INFORMAÇÕES: Manager: list: Listing contexts for virtual host 'localhost'
set 22, 2020 6:52:20 PM org.apache.catalina.core.ApplicationContext log
INFORMAÇÕES: Manager: list: Listing contexts for virtual host 'localhost'
set 22, 2020 6:52:20 PM org.apache.catalina.core.ApplicationContext log
INFORMAÇÕES: Manager: list: Listing contexts for virtual host 'localhost'
set 22, 2020 6:56:38 PM org.apache.catalina.core.ApplicationContext log
INFORMAÇÕES: Manager: list: Listing contexts for virtual host 'localhost'
set 22, 2020 6:56:39 PM org.apache.catalina.core.ApplicationContext log
INFORMAÇÕES: Manager: undeploy: Undeploying web application at '/Projeto'
set 22, 2020 9:02:00 PM org.apache.catalina.core.ApplicationContext log
INFORMAÇÕES: Manager: list: Listing contexts for virtual host 'localhost'
set 22, 2020 9:04:09 PM org.apache.catalina.core.ApplicationContext log
INFORMAÇÕES: Manager: list: Listing contexts for virtual host 'localhost'
