set 20, 2020 3:59:09 PM org.apache.catalina.core.ApplicationContext log
INFORMAÇÕES: Manager: init: Associated with Deployer 'Catalina:type=Deployer,host=localhost'
set 20, 2020 3:59:09 PM org.apache.catalina.core.ApplicationContext log
INFORMAÇÕES: Manager: init: Global resources are available
set 20, 2020 3:59:09 PM org.apache.catalina.core.ApplicationContext log
INFORMAÇÕES: Manager: list: Listing contexts for virtual host 'localhost'
set 20, 2020 3:59:09 PM org.apache.catalina.core.ApplicationContext log
INFORMAÇÕES: Manager: list: Listing contexts for virtual host 'localhost'
set 20, 2020 3:59:09 PM org.apache.catalina.core.ApplicationContext log
INFORMAÇÕES: Manager: install: Installing context configuration at 'file:/C:/Users/edu_p/AppData/Local/Temp/context5205869618126774659.xml'
set 20, 2020 3:59:56 PM org.apache.catalina.core.ApplicationContext log
INFORMAÇÕES: Manager: list: Listing contexts for virtual host 'localhost'
set 20, 2020 3:59:56 PM org.apache.catalina.core.ApplicationContext log
INFORMAÇÕES: Manager: list: Listing contexts for virtual host 'localhost'
set 20, 2020 3:59:56 PM org.apache.catalina.core.ApplicationContext log
INFORMAÇÕES: Manager: restart: Reloading web application '/Projeto'
set 20, 2020 3:59:56 PM org.apache.catalina.core.ApplicationContext log
GRAVE: Manager: ManagerServlet.reload[/Projeto]
java.lang.IllegalStateException: Context with name [/Projeto] has not yet been started
	at org.apache.catalina.core.StandardContext.reload(StandardContext.java:4131)
	at org.apache.catalina.manager.ManagerServlet.reload(ManagerServlet.java:1016)
	at org.apache.catalina.manager.ManagerServlet.doGet(ManagerServlet.java:371)
	at javax.servlet.http.HttpServlet.service(HttpServlet.java:621)
	at javax.servlet.http.HttpServlet.service(HttpServlet.java:728)
	at org.apache.catalina.core.ApplicationFilterChain.internalDoFilter(ApplicationFilterChain.java:303)
	at org.apache.catalina.core.ApplicationFilterChain.doFilter(ApplicationFilterChain.java:208)
	at org.apache.tomcat.websocket.server.WsFilter.doFilter(WsFilter.java:52)
	at org.apache.catalina.core.ApplicationFilterChain.internalDoFilter(ApplicationFilterChain.java:241)
	at org.apache.catalina.core.ApplicationFilterChain.doFilter(ApplicationFilterChain.java:208)
	at org.apache.catalina.filters.SetCharacterEncodingFilter.doFilter(SetCharacterEncodingFilter.java:109)
	at org.apache.catalina.core.ApplicationFilterChain.internalDoFilter(ApplicationFilterChain.java:241)
	at org.apache.catalina.core.ApplicationFilterChain.doFilter(ApplicationFilterChain.java:208)
	at org.apache.catalina.core.StandardWrapperValve.invoke(StandardWrapperValve.java:219)
	at org.apache.catalina.core.StandardContextValve.invoke(StandardContextValve.java:110)
	at org.apache.catalina.authenticator.AuthenticatorBase.invoke(AuthenticatorBase.java:604)
	at org.apache.catalina.core.StandardHostValve.invoke(StandardHostValve.java:165)
	at org.apache.catalina.valves.ErrorReportValve.invoke(ErrorReportValve.java:104)
	at org.apache.catalina.valves.AccessLogValve.invoke(AccessLogValve.java:1025)
	at org.apache.catalina.core.StandardEngineValve.invoke(StandardEngineValve.java:116)
	at org.apache.catalina.connector.CoyoteAdapter.service(CoyoteAdapter.java:452)
	at org.apache.coyote.http11.AbstractHttp11Processor.process(AbstractHttp11Processor.java:1201)
	at org.apache.coyote.AbstractProtocol$AbstractConnectionHandler.process(AbstractProtocol.java:654)
	at org.apache.tomcat.util.net.AprEndpoint$SocketProcessor.doRun(AprEndpoint.java:2532)
	at org.apache.tomcat.util.net.AprEndpoint$SocketProcessor.run(AprEndpoint.java:2521)
	at java.util.concurrent.ThreadPoolExecutor.runWorker(ThreadPoolExecutor.java:1149)
	at java.util.concurrent.ThreadPoolExecutor$Worker.run(ThreadPoolExecutor.java:624)
	at org.apache.tomcat.util.threads.TaskThread$WrappingRunnable.run(TaskThread.java:61)
	at java.lang.Thread.run(Thread.java:748)

set 20, 2020 4:01:06 PM org.apache.catalina.core.ApplicationContext log
INFORMAÇÕES: Manager: list: Listing contexts for virtual host 'localhost'
set 20, 2020 4:01:06 PM org.apache.catalina.core.ApplicationContext log
INFORMAÇÕES: Manager: list: Listing contexts for virtual host 'localhost'
set 20, 2020 4:01:06 PM org.apache.catalina.core.ApplicationContext log
INFORMAÇÕES: Manager: restart: Reloading web application '/Projeto'
set 20, 2020 4:01:06 PM org.apache.catalina.core.ApplicationContext log
GRAVE: Manager: ManagerServlet.reload[/Projeto]
java.lang.IllegalStateException: Context with name [/Projeto] has not yet been started
	at org.apache.catalina.core.StandardContext.reload(StandardContext.java:4131)
	at org.apache.catalina.manager.ManagerServlet.reload(ManagerServlet.java:1016)
	at org.apache.catalina.manager.ManagerServlet.doGet(ManagerServlet.java:371)
	at javax.servlet.http.HttpServlet.service(HttpServlet.java:621)
	at javax.servlet.http.HttpServlet.service(HttpServlet.java:728)
	at org.apache.catalina.core.ApplicationFilterChain.internalDoFilter(ApplicationFilterChain.java:303)
	at org.apache.catalina.core.ApplicationFilterChain.doFilter(ApplicationFilterChain.java:208)
	at org.apache.tomcat.websocket.server.WsFilter.doFilter(WsFilter.java:52)
	at org.apache.catalina.core.ApplicationFilterChain.internalDoFilter(ApplicationFilterChain.java:241)
	at org.apache.catalina.core.ApplicationFilterChain.doFilter(ApplicationFilterChain.java:208)
	at org.apache.catalina.filters.SetCharacterEncodingFilter.doFilter(SetCharacterEncodingFilter.java:109)
	at org.apache.catalina.core.ApplicationFilterChain.internalDoFilter(ApplicationFilterChain.java:241)
	at org.apache.catalina.core.ApplicationFilterChain.doFilter(ApplicationFilterChain.java:208)
	at org.apache.catalina.core.StandardWrapperValve.invoke(StandardWrapperValve.java:219)
	at org.apache.catalina.core.StandardContextValve.invoke(StandardContextValve.java:110)
	at org.apache.catalina.authenticator.AuthenticatorBase.invoke(AuthenticatorBase.java:604)
	at org.apache.catalina.core.StandardHostValve.invoke(StandardHostValve.java:165)
	at org.apache.catalina.valves.ErrorReportValve.invoke(ErrorReportValve.java:104)
	at org.apache.catalina.valves.AccessLogValve.invoke(AccessLogValve.java:1025)
	at org.apache.catalina.core.StandardEngineValve.invoke(StandardEngineValve.java:116)
	at org.apache.catalina.connector.CoyoteAdapter.service(CoyoteAdapter.java:452)
	at org.apache.coyote.http11.AbstractHttp11Processor.process(AbstractHttp11Processor.java:1201)
	at org.apache.coyote.AbstractProtocol$AbstractConnectionHandler.process(AbstractProtocol.java:654)
	at org.apache.tomcat.util.net.AprEndpoint$SocketProcessor.doRun(AprEndpoint.java:2532)
	at org.apache.tomcat.util.net.AprEndpoint$SocketProcessor.run(AprEndpoint.java:2521)
	at java.util.concurrent.ThreadPoolExecutor.runWorker(ThreadPoolExecutor.java:1149)
	at java.util.concurrent.ThreadPoolExecutor$Worker.run(ThreadPoolExecutor.java:624)
	at org.apache.tomcat.util.threads.TaskThread$WrappingRunnable.run(TaskThread.java:61)
	at java.lang.Thread.run(Thread.java:748)

set 20, 2020 4:01:23 PM org.apache.catalina.core.ApplicationContext log
INFORMAÇÕES: Manager: list: Listing contexts for virtual host 'localhost'
set 20, 2020 4:01:23 PM org.apache.catalina.core.ApplicationContext log
INFORMAÇÕES: Manager: list: Listing contexts for virtual host 'localhost'
set 20, 2020 4:01:23 PM org.apache.catalina.core.ApplicationContext log
INFORMAÇÕES: Manager: restart: Reloading web application '/Projeto'
set 20, 2020 4:01:23 PM org.apache.catalina.core.ApplicationContext log
GRAVE: Manager: ManagerServlet.reload[/Projeto]
java.lang.IllegalStateException: Context with name [/Projeto] has not yet been started
	at org.apache.catalina.core.StandardContext.reload(StandardContext.java:4131)
	at org.apache.catalina.manager.ManagerServlet.reload(ManagerServlet.java:1016)
	at org.apache.catalina.manager.ManagerServlet.doGet(ManagerServlet.java:371)
	at javax.servlet.http.HttpServlet.service(HttpServlet.java:621)
	at javax.servlet.http.HttpServlet.service(HttpServlet.java:728)
	at org.apache.catalina.core.ApplicationFilterChain.internalDoFilter(ApplicationFilterChain.java:303)
	at org.apache.catalina.core.ApplicationFilterChain.doFilter(ApplicationFilterChain.java:208)
	at org.apache.tomcat.websocket.server.WsFilter.doFilter(WsFilter.java:52)
	at org.apache.catalina.core.ApplicationFilterChain.internalDoFilter(ApplicationFilterChain.java:241)
	at org.apache.catalina.core.ApplicationFilterChain.doFilter(ApplicationFilterChain.java:208)
	at org.apache.catalina.filters.SetCharacterEncodingFilter.doFilter(SetCharacterEncodingFilter.java:109)
	at org.apache.catalina.core.ApplicationFilterChain.internalDoFilter(ApplicationFilterChain.java:241)
	at org.apache.catalina.core.ApplicationFilterChain.doFilter(ApplicationFilterChain.java:208)
	at org.apache.catalina.core.StandardWrapperValve.invoke(StandardWrapperValve.java:219)
	at org.apache.catalina.core.StandardContextValve.invoke(StandardContextValve.java:110)
	at org.apache.catalina.authenticator.AuthenticatorBase.invoke(AuthenticatorBase.java:604)
	at org.apache.catalina.core.StandardHostValve.invoke(StandardHostValve.java:165)
	at org.apache.catalina.valves.ErrorReportValve.invoke(ErrorReportValve.java:104)
	at org.apache.catalina.valves.AccessLogValve.invoke(AccessLogValve.java:1025)
	at org.apache.catalina.core.StandardEngineValve.invoke(StandardEngineValve.java:116)
	at org.apache.catalina.connector.CoyoteAdapter.service(CoyoteAdapter.java:452)
	at org.apache.coyote.http11.AbstractHttp11Processor.process(AbstractHttp11Processor.java:1201)
	at org.apache.coyote.AbstractProtocol$AbstractConnectionHandler.process(AbstractProtocol.java:654)
	at org.apache.tomcat.util.net.AprEndpoint$SocketProcessor.doRun(AprEndpoint.java:2532)
	at org.apache.tomcat.util.net.AprEndpoint$SocketProcessor.run(AprEndpoint.java:2521)
	at java.util.concurrent.ThreadPoolExecutor.runWorker(ThreadPoolExecutor.java:1149)
	at java.util.concurrent.ThreadPoolExecutor$Worker.run(ThreadPoolExecutor.java:624)
	at org.apache.tomcat.util.threads.TaskThread$WrappingRunnable.run(TaskThread.java:61)
	at java.lang.Thread.run(Thread.java:748)

set 20, 2020 4:03:32 PM org.apache.catalina.core.ApplicationContext log
INFORMAÇÕES: Manager: list: Listing contexts for virtual host 'localhost'
set 20, 2020 4:03:32 PM org.apache.catalina.core.ApplicationContext log
INFORMAÇÕES: Manager: undeploy: Undeploying web application at '/Projeto'
set 20, 2020 4:03:52 PM org.apache.catalina.core.ApplicationContext log
INFORMAÇÕES: Manager: list: Listing contexts for virtual host 'localhost'
set 20, 2020 4:03:52 PM org.apache.catalina.core.ApplicationContext log
INFORMAÇÕES: Manager: list: Listing contexts for virtual host 'localhost'
set 20, 2020 4:03:52 PM org.apache.catalina.core.ApplicationContext log
INFORMAÇÕES: Manager: install: Installing context configuration at 'file:/C:/Users/edu_p/AppData/Local/Temp/context4638533967050688698.xml'
set 20, 2020 4:03:53 PM org.apache.catalina.core.ApplicationContext log
INFORMAÇÕES: Manager: start: Starting web application '/Projeto'
set 20, 2020 4:06:23 PM org.apache.catalina.core.ApplicationContext log
INFORMAÇÕES: Manager: list: Listing contexts for virtual host 'localhost'
set 20, 2020 4:06:23 PM org.apache.catalina.core.ApplicationContext log
INFORMAÇÕES: Manager: list: Listing contexts for virtual host 'localhost'
set 20, 2020 4:58:50 PM org.apache.catalina.core.ApplicationContext log
INFORMAÇÕES: Manager: list: Listing contexts for virtual host 'localhost'
set 20, 2020 4:58:50 PM org.apache.catalina.core.ApplicationContext log
INFORMAÇÕES: Manager: undeploy: Undeploying web application at '/Projeto'
set 20, 2020 5:16:57 PM org.apache.catalina.core.ApplicationContext log
INFORMAÇÕES: Manager: list: Listing contexts for virtual host 'localhost'
set 20, 2020 5:16:57 PM org.apache.catalina.core.ApplicationContext log
INFORMAÇÕES: Manager: list: Listing contexts for virtual host 'localhost'
set 20, 2020 5:16:58 PM org.apache.catalina.core.ApplicationContext log
INFORMAÇÕES: Manager: install: Installing context configuration at 'file:/C:/Users/edu_p/AppData/Local/Temp/context4117983738875923805.xml'
set 20, 2020 5:17:03 PM org.apache.catalina.core.ApplicationContext log
INFORMAÇÕES: Manager: start: Starting web application '/Projeto'
set 20, 2020 5:40:04 PM org.apache.catalina.core.ApplicationContext log
INFORMAÇÕES: Manager: list: Listing contexts for virtual host 'localhost'
set 20, 2020 5:40:04 PM org.apache.catalina.core.ApplicationContext log
INFORMAÇÕES: Manager: undeploy: Undeploying web application at '/Projeto'
set 20, 2020 5:40:05 PM org.apache.catalina.core.ApplicationContext log
INFORMAÇÕES: Manager: install: Installing context configuration at 'file:/C:/Users/edu_p/AppData/Local/Temp/context1567014965503250422.xml'
set 20, 2020 5:40:26 PM org.apache.catalina.core.ApplicationContext log
INFORMAÇÕES: Manager: list: Listing contexts for virtual host 'localhost'
set 20, 2020 5:40:55 PM org.apache.catalina.core.ApplicationContext log
INFORMAÇÕES: Manager: list: Listing contexts for virtual host 'localhost'
set 20, 2020 5:41:27 PM org.apache.catalina.core.ApplicationContext log
INFORMAÇÕES: Manager: list: Listing contexts for virtual host 'localhost'
set 20, 2020 5:42:01 PM org.apache.catalina.core.ApplicationContext log
INFORMAÇÕES: Manager: list: Listing contexts for virtual host 'localhost'
set 20, 2020 5:53:29 PM org.apache.catalina.core.ApplicationContext log
INFORMAÇÕES: Manager: list: Listing contexts for virtual host 'localhost'
set 20, 2020 5:53:29 PM org.apache.catalina.core.ApplicationContext log
INFORMAÇÕES: Manager: list: Listing contexts for virtual host 'localhost'
set 20, 2020 5:53:29 PM org.apache.catalina.core.ApplicationContext log
INFORMAÇÕES: Manager: undeploy: Undeploying web application at '/Projeto'
set 20, 2020 5:53:30 PM org.apache.catalina.core.ApplicationContext log
INFORMAÇÕES: Manager: undeploy: Undeploying web application at '/Projeto'
set 20, 2020 5:53:30 PM org.apache.catalina.core.ApplicationContext log
INFORMAÇÕES: Manager: install: Installing context configuration at 'file:/C:/Users/edu_p/AppData/Local/Temp/context2408789055560518790.xml'
set 20, 2020 5:53:30 PM org.apache.catalina.core.ApplicationContext log
INFORMAÇÕES: Manager: start: Starting web application '/Projeto'
set 20, 2020 5:56:29 PM org.apache.catalina.core.ApplicationContext log
INFORMAÇÕES: Manager: list: Listing contexts for virtual host 'localhost'
set 20, 2020 5:56:29 PM org.apache.catalina.core.ApplicationContext log
INFORMAÇÕES: Manager: undeploy: Undeploying web application at '/Projeto'
set 20, 2020 5:56:30 PM org.apache.catalina.core.ApplicationContext log
INFORMAÇÕES: Manager: install: Installing context configuration at 'file:/C:/Users/edu_p/AppData/Local/Temp/context8921273054666713210.xml'
set 20, 2020 6:05:21 PM org.apache.catalina.core.ApplicationContext log
INFORMAÇÕES: Manager: list: Listing contexts for virtual host 'localhost'
set 20, 2020 6:05:21 PM org.apache.catalina.core.ApplicationContext log
INFORMAÇÕES: Manager: list: Listing contexts for virtual host 'localhost'
set 20, 2020 6:05:21 PM org.apache.catalina.core.ApplicationContext log
INFORMAÇÕES: Manager: undeploy: Undeploying web application at '/Projeto'
set 20, 2020 6:05:21 PM org.apache.catalina.core.ApplicationContext log
INFORMAÇÕES: Manager: install: Installing context configuration at 'file:/C:/Users/edu_p/AppData/Local/Temp/context3242823352352749783.xml'
set 20, 2020 6:06:34 PM org.apache.catalina.core.ApplicationContext log
INFORMAÇÕES: Manager: list: Listing contexts for virtual host 'localhost'
set 20, 2020 6:08:58 PM org.apache.catalina.core.ApplicationContext log
INFORMAÇÕES: Manager: list: Listing contexts for virtual host 'localhost'
set 20, 2020 6:10:22 PM org.apache.catalina.core.ApplicationContext log
INFORMAÇÕES: Manager: list: Listing contexts for virtual host 'localhost'
set 20, 2020 6:15:46 PM org.apache.catalina.core.ApplicationContext log
INFORMAÇÕES: Manager: list: Listing contexts for virtual host 'localhost'
set 20, 2020 6:22:34 PM org.apache.catalina.core.ApplicationContext log
INFORMAÇÕES: Manager: list: Listing contexts for virtual host 'localhost'
set 20, 2020 6:22:35 PM org.apache.catalina.core.ApplicationContext log
INFORMAÇÕES: Manager: list: Listing contexts for virtual host 'localhost'
set 20, 2020 6:30:54 PM org.apache.catalina.core.ApplicationContext log
INFORMAÇÕES: Manager: init: Associated with Deployer 'Catalina:type=Deployer,host=localhost'
set 20, 2020 6:30:54 PM org.apache.catalina.core.ApplicationContext log
INFORMAÇÕES: Manager: init: Global resources are available
set 20, 2020 6:30:54 PM org.apache.catalina.core.ApplicationContext log
INFORMAÇÕES: Manager: list: Listing contexts for virtual host 'localhost'
set 20, 2020 6:30:54 PM org.apache.catalina.core.ApplicationContext log
INFORMAÇÕES: Manager: list: Listing contexts for virtual host 'localhost'
set 20, 2020 6:32:00 PM org.apache.catalina.core.ApplicationContext log
INFORMAÇÕES: Manager: init: Associated with Deployer 'Catalina:type=Deployer,host=localhost'
set 20, 2020 6:32:00 PM org.apache.catalina.core.ApplicationContext log
INFORMAÇÕES: Manager: init: Global resources are available
set 20, 2020 6:32:00 PM org.apache.catalina.core.ApplicationContext log
INFORMAÇÕES: Manager: list: Listing contexts for virtual host 'localhost'
set 20, 2020 6:32:00 PM org.apache.catalina.core.ApplicationContext log
INFORMAÇÕES: Manager: list: Listing contexts for virtual host 'localhost'
set 20, 2020 6:58:21 PM org.apache.catalina.core.ApplicationContext log
INFORMAÇÕES: Manager: list: Listing contexts for virtual host 'localhost'
set 20, 2020 6:58:21 PM org.apache.catalina.core.ApplicationContext log
INFORMAÇÕES: Manager: restart: Reloading web application '/Projeto'
set 20, 2020 7:03:36 PM org.apache.catalina.core.ApplicationContext log
INFORMAÇÕES: Manager: list: Listing contexts for virtual host 'localhost'
set 20, 2020 7:03:36 PM org.apache.catalina.core.ApplicationContext log
INFORMAÇÕES: Manager: restart: Reloading web application '/Projeto'
set 20, 2020 7:06:27 PM org.apache.catalina.core.ApplicationContext log
INFORMAÇÕES: Manager: list: Listing contexts for virtual host 'localhost'
set 20, 2020 7:06:27 PM org.apache.catalina.core.ApplicationContext log
INFORMAÇÕES: Manager: restart: Reloading web application '/Projeto'
set 20, 2020 7:06:36 PM org.apache.catalina.core.ApplicationContext log
INFORMAÇÕES: Manager: list: Listing contexts for virtual host 'localhost'
set 20, 2020 7:06:36 PM org.apache.catalina.core.ApplicationContext log
INFORMAÇÕES: Manager: restart: Reloading web application '/Projeto'
set 20, 2020 7:32:53 PM org.apache.catalina.core.ApplicationContext log
INFORMAÇÕES: Manager: list: Listing contexts for virtual host 'localhost'
set 20, 2020 7:32:53 PM org.apache.catalina.core.ApplicationContext log
INFORMAÇÕES: Manager: restart: Reloading web application '/Projeto'
set 20, 2020 7:34:17 PM org.apache.catalina.core.ApplicationContext log
INFORMAÇÕES: Manager: list: Listing contexts for virtual host 'localhost'
set 20, 2020 7:34:17 PM org.apache.catalina.core.ApplicationContext log
INFORMAÇÕES: Manager: restart: Reloading web application '/Projeto'
set 20, 2020 7:35:33 PM org.apache.catalina.core.ApplicationContext log
INFORMAÇÕES: Manager: list: Listing contexts for virtual host 'localhost'
set 20, 2020 7:35:33 PM org.apache.catalina.core.ApplicationContext log
INFORMAÇÕES: Manager: restart: Reloading web application '/Projeto'
set 20, 2020 7:38:49 PM org.apache.catalina.core.ApplicationContext log
INFORMAÇÕES: Manager: list: Listing contexts for virtual host 'localhost'
set 20, 2020 7:38:49 PM org.apache.catalina.core.ApplicationContext log
INFORMAÇÕES: Manager: restart: Reloading web application '/Projeto'
set 20, 2020 7:40:22 PM org.apache.catalina.core.ApplicationContext log
INFORMAÇÕES: Manager: list: Listing contexts for virtual host 'localhost'
set 20, 2020 7:40:22 PM org.apache.catalina.core.ApplicationContext log
INFORMAÇÕES: Manager: list: Listing contexts for virtual host 'localhost'
set 20, 2020 7:40:22 PM org.apache.catalina.core.ApplicationContext log
INFORMAÇÕES: Manager: restart: Reloading web application '/Projeto'
set 20, 2020 7:55:05 PM org.apache.catalina.core.ApplicationContext log
INFORMAÇÕES: Manager: list: Listing contexts for virtual host 'localhost'
set 20, 2020 7:55:05 PM org.apache.catalina.core.ApplicationContext log
INFORMAÇÕES: Manager: list: Listing contexts for virtual host 'localhost'
set 20, 2020 8:00:06 PM org.apache.catalina.core.ApplicationContext log
INFORMAÇÕES: Manager: list: Listing contexts for virtual host 'localhost'
set 20, 2020 8:00:06 PM org.apache.catalina.core.ApplicationContext log
INFORMAÇÕES: Manager: undeploy: Undeploying web application at '/Projeto'
set 20, 2020 8:00:07 PM org.apache.catalina.core.ApplicationContext log
INFORMAÇÕES: Manager: install: Installing context configuration at 'file:/C:/Users/edu_p/AppData/Local/Temp/context1235655008758519433.xml'
set 20, 2020 8:08:02 PM org.apache.catalina.core.ApplicationContext log
INFORMAÇÕES: Manager: init: Associated with Deployer 'Catalina:type=Deployer,host=localhost'
set 20, 2020 8:08:02 PM org.apache.catalina.core.ApplicationContext log
INFORMAÇÕES: Manager: init: Global resources are available
set 20, 2020 8:08:02 PM org.apache.catalina.core.ApplicationContext log
INFORMAÇÕES: Manager: list: Listing contexts for virtual host 'localhost'
set 20, 2020 8:08:02 PM org.apache.catalina.core.ApplicationContext log
INFORMAÇÕES: Manager: list: Listing contexts for virtual host 'localhost'
set 20, 2020 8:08:03 PM org.apache.catalina.core.ApplicationContext log
INFORMAÇÕES: Manager: undeploy: Undeploying web application at '/Projeto'
set 20, 2020 8:08:04 PM org.apache.catalina.core.ApplicationContext log
INFORMAÇÕES: Manager: install: Installing context configuration at 'file:/C:/Users/edu_p/AppData/Local/Temp/context8404249519665520359.xml'
set 20, 2020 8:11:18 PM org.apache.catalina.core.ApplicationContext log
INFORMAÇÕES: Manager: init: Associated with Deployer 'Catalina:type=Deployer,host=localhost'
set 20, 2020 8:11:18 PM org.apache.catalina.core.ApplicationContext log
INFORMAÇÕES: Manager: init: Global resources are available
set 20, 2020 8:11:18 PM org.apache.catalina.core.ApplicationContext log
INFORMAÇÕES: Manager: list: Listing contexts for virtual host 'localhost'
set 20, 2020 8:11:18 PM org.apache.catalina.core.ApplicationContext log
INFORMAÇÕES: Manager: list: Listing contexts for virtual host 'localhost'
set 20, 2020 8:11:18 PM org.apache.catalina.core.ApplicationContext log
INFORMAÇÕES: Manager: stop: Stopping web application '/Projeto'
set 20, 2020 8:11:18 PM org.apache.catalina.core.ApplicationContext log
INFORMAÇÕES: Manager: start: Starting web application '/Projeto'
set 20, 2020 9:17:40 PM org.apache.catalina.core.ApplicationContext log
INFORMAÇÕES: Manager: list: Listing contexts for virtual host 'localhost'
set 20, 2020 9:17:40 PM org.apache.catalina.core.ApplicationContext log
INFORMAÇÕES: Manager: restart: Reloading web application '/Projeto'
set 20, 2020 9:18:28 PM org.apache.catalina.core.ApplicationContext log
INFORMAÇÕES: Manager: list: Listing contexts for virtual host 'localhost'
set 20, 2020 9:18:28 PM org.apache.catalina.core.ApplicationContext log
INFORMAÇÕES: Manager: restart: Reloading web application '/Projeto'
set 20, 2020 9:19:46 PM org.apache.catalina.core.ApplicationContext log
INFORMAÇÕES: Manager: list: Listing contexts for virtual host 'localhost'
set 20, 2020 9:19:46 PM org.apache.catalina.core.ApplicationContext log
INFORMAÇÕES: Manager: restart: Reloading web application '/Projeto'
set 20, 2020 9:20:36 PM org.apache.catalina.core.ApplicationContext log
INFORMAÇÕES: Manager: init: Associated with Deployer 'Catalina:type=Deployer,host=localhost'
set 20, 2020 9:20:36 PM org.apache.catalina.core.ApplicationContext log
INFORMAÇÕES: Manager: init: Global resources are available
set 20, 2020 9:20:36 PM org.apache.catalina.core.ApplicationContext log
INFORMAÇÕES: Manager: list: Listing contexts for virtual host 'localhost'
set 20, 2020 9:20:36 PM org.apache.catalina.core.ApplicationContext log
INFORMAÇÕES: Manager: list: Listing contexts for virtual host 'localhost'
set 20, 2020 9:20:37 PM org.apache.catalina.core.ApplicationContext log
INFORMAÇÕES: Manager: undeploy: Undeploying web application at '/Projeto'
set 20, 2020 9:20:38 PM org.apache.catalina.core.ApplicationContext log
INFORMAÇÕES: Manager: install: Installing context configuration at 'file:/C:/Users/edu_p/AppData/Local/Temp/context4170257252199649066.xml'
set 20, 2020 9:20:38 PM org.apache.catalina.core.ApplicationContext log
INFORMAÇÕES: Manager: start: Starting web application '/Projeto'
set 20, 2020 9:25:48 PM org.apache.catalina.core.ApplicationContext log
INFORMAÇÕES: Manager: list: Listing contexts for virtual host 'localhost'
set 20, 2020 9:25:48 PM org.apache.catalina.core.ApplicationContext log
INFORMAÇÕES: Manager: list: Listing contexts for virtual host 'localhost'
set 20, 2020 9:25:49 PM org.apache.catalina.core.ApplicationContext log
INFORMAÇÕES: Manager: stop: Stopping web application '/Projeto'
set 20, 2020 9:25:49 PM org.apache.catalina.core.ApplicationContext log
INFORMAÇÕES: Manager: start: Starting web application '/Projeto'
set 20, 2020 9:31:34 PM org.apache.catalina.core.ApplicationContext log
INFORMAÇÕES: Manager: list: Listing contexts for virtual host 'localhost'
set 20, 2020 9:31:34 PM org.apache.catalina.core.ApplicationContext log
INFORMAÇÕES: Manager: list: Listing contexts for virtual host 'localhost'
set 20, 2020 9:31:35 PM org.apache.catalina.core.ApplicationContext log
INFORMAÇÕES: Manager: restart: Reloading web application '/Projeto'
set 20, 2020 9:55:39 PM org.apache.catalina.core.ApplicationContext log
INFORMAÇÕES: Manager: list: Listing contexts for virtual host 'localhost'
set 20, 2020 9:55:39 PM org.apache.catalina.core.ApplicationContext log
INFORMAÇÕES: Manager: list: Listing contexts for virtual host 'localhost'
set 20, 2020 9:55:55 PM org.apache.catalina.core.ApplicationContext log
INFORMAÇÕES: Manager: list: Listing contexts for virtual host 'localhost'
set 20, 2020 9:55:55 PM org.apache.catalina.core.ApplicationContext log
INFORMAÇÕES: Manager: list: Listing contexts for virtual host 'localhost'
set 20, 2020 10:00:06 PM org.apache.catalina.core.ApplicationContext log
INFORMAÇÕES: Manager: list: Listing contexts for virtual host 'localhost'
set 20, 2020 10:00:06 PM org.apache.catalina.core.ApplicationContext log
INFORMAÇÕES: Manager: list: Listing contexts for virtual host 'localhost'
set 20, 2020 10:01:52 PM org.apache.catalina.core.ApplicationContext log
INFORMAÇÕES: Manager: list: Listing contexts for virtual host 'localhost'
set 20, 2020 10:04:33 PM org.apache.catalina.core.ApplicationContext log
INFORMAÇÕES: Manager: list: Listing contexts for virtual host 'localhost'
set 20, 2020 10:04:33 PM org.apache.catalina.core.ApplicationContext log
INFORMAÇÕES: Manager: undeploy: Undeploying web application at '/Projeto'
set 20, 2020 10:10:44 PM org.apache.catalina.core.ApplicationContext log
INFORMAÇÕES: Manager: list: Listing contexts for virtual host 'localhost'
set 20, 2020 10:10:59 PM org.apache.catalina.core.ApplicationContext log
INFORMAÇÕES: Manager: list: Listing contexts for virtual host 'localhost'
set 20, 2020 10:10:59 PM org.apache.catalina.core.ApplicationContext log
INFORMAÇÕES: Manager: list: Listing contexts for virtual host 'localhost'
set 20, 2020 10:10:59 PM org.apache.catalina.core.ApplicationContext log
INFORMAÇÕES: Manager: install: Installing context configuration at 'file:/C:/Users/edu_p/AppData/Local/Temp/context5614897429568300008.xml'
set 20, 2020 10:11:00 PM org.apache.catalina.core.ApplicationContext log
INFORMAÇÕES: Manager: start: Starting web application '/Projeto'
set 20, 2020 10:30:50 PM org.apache.catalina.core.ApplicationContext log
INFORMAÇÕES: Manager: list: Listing contexts for virtual host 'localhost'
set 20, 2020 10:30:50 PM org.apache.catalina.core.ApplicationContext log
INFORMAÇÕES: Manager: undeploy: Undeploying web application at '/Projeto'
set 20, 2020 10:30:54 PM org.apache.catalina.core.ApplicationContext log
INFORMAÇÕES: Manager: list: Listing contexts for virtual host 'localhost'
set 20, 2020 10:30:54 PM org.apache.catalina.core.ApplicationContext log
INFORMAÇÕES: Manager: list: Listing contexts for virtual host 'localhost'
set 20, 2020 10:30:55 PM org.apache.catalina.core.ApplicationContext log
INFORMAÇÕES: Manager: install: Installing context configuration at 'file:/C:/Users/edu_p/AppData/Local/Temp/context3595045136825302317.xml'
set 20, 2020 10:31:12 PM org.apache.catalina.core.ApplicationContext log
INFORMAÇÕES: Manager: start: Starting web application '/Projeto'
set 20, 2020 10:39:37 PM org.apache.catalina.core.ApplicationContext log
INFORMAÇÕES: Manager: list: Listing contexts for virtual host 'localhost'
set 20, 2020 10:39:37 PM org.apache.catalina.core.ApplicationContext log
INFORMAÇÕES: Manager: list: Listing contexts for virtual host 'localhost'
set 20, 2020 10:39:38 PM org.apache.catalina.core.ApplicationContext log
INFORMAÇÕES: Manager: stop: Stopping web application '/Projeto'
set 20, 2020 10:39:38 PM org.apache.catalina.core.ApplicationContext log
INFORMAÇÕES: Manager: start: Starting web application '/Projeto'
set 20, 2020 10:40:03 PM org.apache.catalina.core.ApplicationContext log
INFORMAÇÕES: Manager: list: Listing contexts for virtual host 'localhost'
set 20, 2020 10:40:03 PM org.apache.catalina.core.ApplicationContext log
INFORMAÇÕES: Manager: list: Listing contexts for virtual host 'localhost'
set 20, 2020 10:42:29 PM org.apache.catalina.core.ApplicationContext log
INFORMAÇÕES: Manager: list: Listing contexts for virtual host 'localhost'
set 20, 2020 10:42:29 PM org.apache.catalina.core.ApplicationContext log
INFORMAÇÕES: Manager: list: Listing contexts for virtual host 'localhost'
set 20, 2020 10:46:15 PM org.apache.catalina.core.ApplicationContext log
INFORMAÇÕES: Manager: list: Listing contexts for virtual host 'localhost'
set 20, 2020 10:46:15 PM org.apache.catalina.core.ApplicationContext log
INFORMAÇÕES: Manager: list: Listing contexts for virtual host 'localhost'
set 20, 2020 10:47:36 PM org.apache.catalina.core.ApplicationContext log
INFORMAÇÕES: Manager: init: Associated with Deployer 'Catalina:type=Deployer,host=localhost'
set 20, 2020 10:47:36 PM org.apache.catalina.core.ApplicationContext log
INFORMAÇÕES: Manager: init: Global resources are available
set 20, 2020 10:47:36 PM org.apache.catalina.core.ApplicationContext log
INFORMAÇÕES: Manager: list: Listing contexts for virtual host 'localhost'
set 20, 2020 10:47:36 PM org.apache.catalina.core.ApplicationContext log
INFORMAÇÕES: Manager: list: Listing contexts for virtual host 'localhost'
