set 21, 2020 6:14:09 PM org.apache.catalina.core.ApplicationContext log
INFORMAÇÕES: Manager: list: Listing contexts for virtual host 'localhost'
set 21, 2020 6:14:10 PM org.apache.catalina.core.ApplicationContext log
INFORMAÇÕES: Manager: list: Listing contexts for virtual host 'localhost'
set 21, 2020 6:14:48 PM org.apache.catalina.core.ApplicationContext log
INFORMAÇÕES: Manager: list: Listing contexts for virtual host 'localhost'
set 21, 2020 6:14:49 PM org.apache.catalina.core.ApplicationContext log
INFORMAÇÕES: Manager: restart: Reloading web application '/Projeto'
set 21, 2020 6:14:58 PM org.apache.catalina.core.ApplicationContext log
INFORMAÇÕES: Manager: list: Listing contexts for virtual host 'localhost'
set 21, 2020 6:14:58 PM org.apache.catalina.core.ApplicationContext log
INFORMAÇÕES: Manager: list: Listing contexts for virtual host 'localhost'
set 21, 2020 6:14:59 PM org.apache.catalina.core.ApplicationContext log
INFORMAÇÕES: Manager: restart: Reloading web application '/Projeto'
set 21, 2020 6:42:12 PM org.apache.catalina.core.ApplicationContext log
INFORMAÇÕES: Manager: init: Associated with Deployer 'Catalina:type=Deployer,host=localhost'
set 21, 2020 6:42:12 PM org.apache.catalina.core.ApplicationContext log
INFORMAÇÕES: Manager: init: Global resources are available
set 21, 2020 6:42:12 PM org.apache.catalina.core.ApplicationContext log
INFORMAÇÕES: Manager: list: Listing contexts for virtual host 'localhost'
set 21, 2020 6:42:12 PM org.apache.catalina.core.ApplicationContext log
INFORMAÇÕES: Manager: list: Listing contexts for virtual host 'localhost'
set 21, 2020 7:59:48 PM org.apache.catalina.core.ApplicationContext log
INFORMAÇÕES: Manager: list: Listing contexts for virtual host 'localhost'
set 21, 2020 7:59:48 PM org.apache.catalina.core.ApplicationContext log
INFORMAÇÕES: Manager: list: Listing contexts for virtual host 'localhost'
set 21, 2020 8:10:48 PM org.apache.catalina.core.ApplicationContext log
INFORMAÇÕES: Manager: list: Listing contexts for virtual host 'localhost'
set 21, 2020 8:55:56 PM org.apache.catalina.core.ApplicationContext log
INFORMAÇÕES: Manager: list: Listing contexts for virtual host 'localhost'
set 21, 2020 8:55:56 PM org.apache.catalina.core.ApplicationContext log
INFORMAÇÕES: Manager: list: Listing contexts for virtual host 'localhost'
set 21, 2020 9:22:01 PM org.apache.catalina.core.ApplicationContext log
INFORMAÇÕES: Manager: list: Listing contexts for virtual host 'localhost'
set 21, 2020 9:22:01 PM org.apache.catalina.core.ApplicationContext log
INFORMAÇÕES: Manager: list: Listing contexts for virtual host 'localhost'
set 21, 2020 9:39:52 PM org.apache.catalina.core.ApplicationContext log
INFORMAÇÕES: Manager: list: Listing contexts for virtual host 'localhost'
set 21, 2020 9:39:52 PM org.apache.catalina.core.ApplicationContext log
INFORMAÇÕES: Manager: restart: Reloading web application '/Projeto'
set 21, 2020 9:40:07 PM org.apache.catalina.core.ApplicationContext log
INFORMAÇÕES: Manager: list: Listing contexts for virtual host 'localhost'
set 21, 2020 9:40:07 PM org.apache.catalina.core.ApplicationContext log
INFORMAÇÕES: Manager: restart: Reloading web application '/Projeto'
set 21, 2020 9:43:30 PM org.apache.catalina.core.ApplicationContext log
INFORMAÇÕES: Manager: list: Listing contexts for virtual host 'localhost'
set 21, 2020 9:43:30 PM org.apache.catalina.core.ApplicationContext log
INFORMAÇÕES: Manager: restart: Reloading web application '/Projeto'
set 21, 2020 9:44:36 PM org.apache.catalina.core.ApplicationContext log
INFORMAÇÕES: Manager: list: Listing contexts for virtual host 'localhost'
set 21, 2020 9:44:36 PM org.apache.catalina.core.ApplicationContext log
INFORMAÇÕES: Manager: restart: Reloading web application '/Projeto'
set 21, 2020 9:52:41 PM org.apache.catalina.core.ApplicationContext log
INFORMAÇÕES: Manager: list: Listing contexts for virtual host 'localhost'
set 21, 2020 9:52:41 PM org.apache.catalina.core.ApplicationContext log
INFORMAÇÕES: Manager: list: Listing contexts for virtual host 'localhost'
set 21, 2020 9:52:43 PM org.apache.catalina.core.ApplicationContext log
INFORMAÇÕES: Manager: restart: Reloading web application '/Projeto'
set 21, 2020 9:59:15 PM org.apache.catalina.core.ApplicationContext log
INFORMAÇÕES: Manager: list: Listing contexts for virtual host 'localhost'
set 21, 2020 9:59:15 PM org.apache.catalina.core.ApplicationContext log
INFORMAÇÕES: Manager: list: Listing contexts for virtual host 'localhost'
set 21, 2020 10:04:03 PM org.apache.catalina.core.ApplicationContext log
INFORMAÇÕES: Manager: list: Listing contexts for virtual host 'localhost'
set 21, 2020 10:04:03 PM org.apache.catalina.core.ApplicationContext log
INFORMAÇÕES: Manager: list: Listing contexts for virtual host 'localhost'
set 21, 2020 10:06:09 PM org.apache.catalina.core.ApplicationContext log
INFORMAÇÕES: Manager: list: Listing contexts for virtual host 'localhost'
set 21, 2020 10:06:09 PM org.apache.catalina.core.ApplicationContext log
INFORMAÇÕES: Manager: list: Listing contexts for virtual host 'localhost'
set 21, 2020 10:12:56 PM org.apache.catalina.core.ApplicationContext log
INFORMAÇÕES: Manager: list: Listing contexts for virtual host 'localhost'
set 21, 2020 10:12:56 PM org.apache.catalina.core.ApplicationContext log
INFORMAÇÕES: Manager: list: Listing contexts for virtual host 'localhost'
set 21, 2020 10:15:12 PM org.apache.catalina.core.ApplicationContext log
INFORMAÇÕES: Manager: list: Listing contexts for virtual host 'localhost'
set 21, 2020 10:15:12 PM org.apache.catalina.core.ApplicationContext log
INFORMAÇÕES: Manager: list: Listing contexts for virtual host 'localhost'
